<?xml version="1.0" encoding="UTF-8"?>
<!-- Generated by org.testng.reporters.JUnitXMLReporter -->
<testsuite ignored="0" hostname="Muras-MB-Pro.local" failures="1" tests="6" name="Test" time="5.744" errors="0" timestamp="2025-04-28T09:19:24 PDT">
  <testcase classname="com.Automation.APITest.AddUserTest" name="@BeforeMethod beforeMethod" time="0.194">
    <failure type="io.restassured.path.json.exception.JsonPathException" message="Failed to parse the JSON document">
      <![CDATA[io.restassured.path.json.exception.JsonPathException: Failed to parse the JSON document
at io.restassured.path.json.JsonPath$ExceptionCatcher.invoke(JsonPath.java:1002)
at io.restassured.path.json.JsonPath$4.doParseWith(JsonPath.java:967)
at io.restassured.path.json.JsonPath$JsonParser.parseWith(JsonPath.java:1047)
at io.restassured.path.json.JsonPath.get(JsonPath.java:202)
at io.restassured.path.json.JsonPath.getString(JsonPath.java:352)
at com.Tekarch.Base.APIServices.login(APIServices.java:42)
at com.Automation.APITest.AddUserTest.beforeMethod(AddUserTest.java:41)
at java.base/java.util.concurrent.Executors$RunnableAdapter.call(Executors.java:572)
at java.base/java.util.concurrent.FutureTask.run(FutureTask.java:317)
at java.base/java.util.concurrent.ThreadPoolExecutor.runWorker(ThreadPoolExecutor.java:1144)
at java.base/java.util.concurrent.ThreadPoolExecutor$Worker.run(ThreadPoolExecutor.java:642)
at java.base/java.lang.Thread.run(Thread.java:1583)
Caused by: java.lang.IllegalArgumentException: The JSON input text should neither be null nor empty.
at org.codehaus.groovy.runtime.callsite.ConstructorSite$ConstructorSiteNoUnwrapNoCoerce.callConstructor(ConstructorSite.java:108)
at org.codehaus.groovy.runtime.callsite.CallSiteArray.defaultCallConstructor(CallSiteArray.java:57)
at org.codehaus.groovy.runtime.callsite.AbstractCallSite.callConstructor(AbstractCallSite.java:263)
at org.codehaus.groovy.runtime.callsite.AbstractCallSite.callConstructor(AbstractCallSite.java:277)
at io.restassured.internal.path.json.ConfigurableJsonSlurper.parseText(ConfigurableJsonSlurper.groovy:80)
at io.restassured.path.json.JsonPath$4$1.method(JsonPath.java:965)
at io.restassured.path.json.JsonPath$ExceptionCatcher.invoke(JsonPath.java:1000)
... 26 more
... Removed 19 stack frames]]>
    </failure>
  </testcase> <!-- @BeforeMethod beforeMethod -->
  <testcase classname="com.Automation.APITest.AddUserTest" name="testaddUserusingJsonFile" time="0.007"/>
  <testcase classname="com.Automation.APITest.AddUserTest" name="verifyAddUserdataTest" time="0.0">
    <skipped/>
  </testcase> <!-- verifyAddUserdataTest -->
  <testcase classname="com.Automation.APITest.LoginTest" name="loginTest" time="0.219"/>
  <testcase classname="com.Automation.APITest.AddUserTest" name="addUserWithFakerDataTest" time="1.985">
    <failure type="com.fasterxml.jackson.core.JsonParseException" message="Unrecognized token &amp;apos;Cannot&amp;apos;: was expecting (JSON String, Number, Array, Object or token &amp;apos;null&amp;apos;, &amp;apos;true&amp;apos; or &amp;apos;false&amp;apos;)
 at [Source: REDACTED (`StreamReadFeature.INCLUDE_SOURCE_IN_LOCATION` disabled); line: 1, column: 7]">
      <![CDATA[com.fasterxml.jackson.core.JsonParseException: Unrecognized token 'Cannot': was expecting (JSON String, Number, Array, Object or token 'null', 'true' or 'false')
 at [Source: REDACTED (`StreamReadFeature.INCLUDE_SOURCE_IN_LOCATION` disabled); line: 1, column: 7]
at com.fasterxml.jackson.core.JsonParser._constructError(JsonParser.java:2584)
at com.fasterxml.jackson.core.JsonParser._constructReadException(JsonParser.java:2610)
at com.fasterxml.jackson.core.JsonParser._constructReadException(JsonParser.java:2618)
at com.fasterxml.jackson.core.base.ParserMinimalBase._reportError(ParserMinimalBase.java:825)
at com.fasterxml.jackson.core.json.ReaderBasedJsonParser._reportInvalidToken(ReaderBasedJsonParser.java:3017)
at com.fasterxml.jackson.core.json.ReaderBasedJsonParser._handleOddValue(ReaderBasedJsonParser.java:2051)
at com.fasterxml.jackson.core.json.ReaderBasedJsonParser.nextToken(ReaderBasedJsonParser.java:780)
at com.fasterxml.jackson.databind.ObjectMapper._initForReading(ObjectMapper.java:5004)
at com.fasterxml.jackson.databind.ObjectMapper._readMapAndClose(ObjectMapper.java:4910)
at com.fasterxml.jackson.databind.ObjectMapper.readValue(ObjectMapper.java:3860)
at com.fasterxml.jackson.databind.ObjectMapper.readValue(ObjectMapper.java:3828)
at com.Automation.APITest.AddUserTest.addUserWithFakerDataTest(AddUserTest.java:79)
at java.base/java.util.concurrent.Executors$RunnableAdapter.call(Executors.java:572)
at java.base/java.util.concurrent.FutureTask.run(FutureTask.java:317)
at java.base/java.util.concurrent.ThreadPoolExecutor.runWorker(ThreadPoolExecutor.java:1144)
at java.base/java.util.concurrent.ThreadPoolExecutor$Worker.run(ThreadPoolExecutor.java:642)
at java.base/java.lang.Thread.run(Thread.java:1583)
... Removed 11 stack frames]]>
    </failure>
  </testcase> <!-- addUserWithFakerDataTest -->
  <testcase classname="com.Automation.APITest.AddUserTest" name="deleteUserdataTest" time="0.0">
    <skipped/>
  </testcase> <!-- deleteUserdataTest -->
  <testcase classname="com.Automation.APITest.AddUserTest" name="GetUserDataTest" time="2.409"/>
</testsuite> <!-- Test -->
